<?xml version="1.0" encoding="UTF-8"?>
<!-- Generated by org.testng.reporters.JUnitReportReporter -->
<testsuite hostname="Foysal.lan" failures="0" tests="2" name="assignments.assignment" time="10.054" errors="0" timestamp="2023-05-19T20:44:17 EDT" skipped="0">
  <testcase classname="assignments.assignment" name="verifyTitle" time="3.578"/>
  <system-out/>
  <testcase classname="assignments.assignment" name="loginInvalid" time="6.476"/>
  <system-out/>
</testsuite> <!-- assignments.assignment -->
