<?xml version="1.0" encoding="UTF-8"?>
<!-- Generated by org.testng.reporters.JUnitReportReporter -->
<testsuite hostname="Foysal.lan" failures="0" tests="3" name="islahiArt.islahiFailedTest" time="44.347" errors="0" timestamp="2023-06-22T14:16:43 EDT" skipped="0">
  <testcase classname="islahiArt.islahiFailedTest" name="test1" time="14.620"/>
  <system-out/>
  <testcase classname="islahiArt.islahiFailedTest" name="test1" time="15.874"/>
  <system-out/>
  <testcase classname="islahiArt.islahiFailedTest" name="test1" time="13.853"/>
  <system-out/>
</testsuite> <!-- islahiArt.islahiFailedTest -->
