<?xml version="1.0" encoding="UTF-8"?>
<!-- Generated by org.testng.reporters.JUnitReportReporter -->
<testsuite hostname="Foysal.lan" failures="0" tests="1" name="sampleTest" time="0.003" errors="0" timestamp="2023-03-29T20:12:19 EDT" skipped="0">
  <testcase classname="sampleTest" name="n" time="0.003"/>
  <system-out/>
</testsuite> <!-- sampleTest -->
